<?xml version="1.0" encoding="UTF-8"?>
<!-- Generated by org.testng.reporters.JUnitReportReporter -->
<testsuite skipped="0" hostname="DESKTOP-CO4FNA7" name="myPackage.SmokeTest" tests="1" failures="0" timestamp="2020-04-16T18:01:04 CDT" time="29.005" errors="0">
  <testcase name="loginTest" time="29.005" classname="myPackage.SmokeTest"/>
  <system-out/>
</testsuite> <!-- myPackage.SmokeTest -->
